C:\Program Files (x86)\Microsoft Visual Studio\2017\Enterprise\Common7\IDE\VC\VCTargets\Microsoft.CppBuild.targets(944,5): warning MSB8027: Mehrere Dateien mit dem Namen World.cpp führen zu Ausgaben am selben Speicherort. Dadurch kann ein falsches Buildergebnis entstehen. Die betroffenen Dateien sind source\editor\World.cpp, source\game\World.cpp.
C:\Program Files (x86)\Microsoft Visual Studio\2017\Enterprise\Common7\IDE\VC\VCTargets\Microsoft.CppBuild.targets(944,5): warning MSB8027: Mehrere Dateien mit dem Namen TileBase.cpp führen zu Ausgaben am selben Speicherort. Dadurch kann ein falsches Buildergebnis entstehen. Die betroffenen Dateien sind source\editor\tile\TileBase.cpp, source\game\tiles\TileBase.cpp.
C:\Program Files (x86)\Microsoft Visual Studio\2017\Enterprise\Common7\IDE\VC\VCTargets\Microsoft.CppBuild.targets(944,5): warning MSB8027: Mehrere Dateien mit dem Namen Wall.cpp führen zu Ausgaben am selben Speicherort. Dadurch kann ein falsches Buildergebnis entstehen. Die betroffenen Dateien sind source\editor\tile\Wall.cpp, source\game\tiles\Wall.cpp.
  DeviceInterface.cpp
c:\users\phisn\source\repos\pixeljumper2\client\source\resource\pipes\pipebase.h(20): warning C4244: "=": Konvertierung von "const sf::Uint64" in "int", möglicher Datenverlust
c:\users\phisn\source\repos\pixeljumper2\client\source\game\tiles\tilemanager.h(24): error C2143: Syntaxfehler: Es fehlt ";" vor "*"
c:\users\phisn\source\repos\pixeljumper2\client\source\game\tiles\tilemanager.h(24): error C4430: Fehlender Typspezifizierer - int wird angenommen. Hinweis: "default-int" wird von C++ nicht unterstützt.
c:\users\phisn\source\repos\pixeljumper2\client\source\game\tiles\tilemanager.h(27): error C2061: Syntaxfehler: Bezeichner "BaseResource"
c:\users\phisn\source\repos\pixeljumper2\client\source\game\tiles\wall.h(80): error C2504: "BaseResource": Basisklasse undefiniert
c:\users\phisn\source\repos\pixeljumper2\client\source\game\tiles\wall.h(88): error C2039: "ByteWriter": Ist kein Element von "Resource"
  c:\users\phisn\source\repos\pixeljumper2\client\source\resource\resourcebase.h(8): note: Siehe Deklaration von "Resource"
c:\users\phisn\source\repos\pixeljumper2\client\source\game\tiles\wall.h(88): error C2061: Syntaxfehler: Bezeichner "ByteWriter"
c:\users\phisn\source\repos\pixeljumper2\client\source\game\tiles\wall.h(96): error C2039: "ByteReader": Ist kein Element von "Resource"
  c:\users\phisn\source\repos\pixeljumper2\client\source\resource\resourcebase.h(8): note: Siehe Deklaration von "Resource"
c:\users\phisn\source\repos\pixeljumper2\client\source\game\tiles\wall.h(96): error C2061: Syntaxfehler: Bezeichner "ByteReader"
c:\users\phisn\source\repos\pixeljumper2\client\source\game\tiles\wall.h(87): error C3668: "Game::Tile::WallResource::writeToBuffer": Die Methode mit dem Überschreibungsspezifizierer "override" hat keine Basisklassenmethoden überschrieben.
c:\users\phisn\source\repos\pixeljumper2\client\source\game\tiles\wall.h(95): error C3668: "Game::Tile::WallResource::readFromBuffer": Die Methode mit dem Überschreibungsspezifizierer "override" hat keine Basisklassenmethoden überschrieben.
c:\users\phisn\source\repos\pixeljumper2\client\source\game\tiles\wall.h(107): error C3668: "Game::Tile::WallResource::loadFromTile": Die Methode mit dem Überschreibungsspezifizierer "override" hat keine Basisklassenmethoden überschrieben.
c:\users\phisn\source\repos\pixeljumper2\client\source\game\tiles\wall.h(121): error C3668: "Game::Tile::WallResource::getSize": Die Methode mit dem Überschreibungsspezifizierer "override" hat keine Basisklassenmethoden überschrieben.
c:\users\phisn\source\repos\pixeljumper2\client\source\game\tiles\wall.h(126): error C3668: "Game::Tile::WallResource::create": Die Methode mit dem Überschreibungsspezifizierer "override" hat keine Basisklassenmethoden überschrieben.
c:\users\phisn\source\repos\pixeljumper2\client\source\game\tiles\wall.h(84): error C2660: "Game::Tile::Manager::registerTileResource": Funktion akzeptiert keine 2 Argumente
  c:\users\phisn\source\repos\pixeljumper2\client\source\game\tiles\tilemanager.h(25): note: Siehe Deklaration von "Game::Tile::Manager::registerTileResource"
c:\users\phisn\source\repos\pixeljumper2\client\source\game\tiles\wall.h(90): error C2065: "buffer": nichtdeklarierter Bezeichner
c:\users\phisn\source\repos\pixeljumper2\client\source\game\tiles\wall.h(98): error C2065: "buffer": nichtdeklarierter Bezeichner
c:\users\phisn\source\repos\pixeljumper2\client\source\resource\tileresource.h(73): error C2143: Syntaxfehler: Es fehlt ";" vor "}"
c:\users\phisn\source\repos\pixeljumper2\client\source\resource\tileresource.h(91): error C2061: Syntaxfehler: Bezeichner "ByteWriter"
c:\users\phisn\source\repos\pixeljumper2\client\source\resource\tileresource.h(110): error C2061: Syntaxfehler: Bezeichner "ByteReader"
c:\users\phisn\source\repos\pixeljumper2\client\source\resource\tileresource.h(90): error C3668: "Resource::_N_Tile::writeToBuffer": Die Methode mit dem Überschreibungsspezifizierer "override" hat keine Basisklassenmethoden überschrieben.
c:\users\phisn\source\repos\pixeljumper2\client\source\resource\tileresource.h(109): error C3668: "Resource::_N_Tile::readFromBuffer": Die Methode mit dem Überschreibungsspezifizierer "override" hat keine Basisklassenmethoden überschrieben.
c:\users\phisn\source\repos\pixeljumper2\client\source\resource\tileresource.h(93): error C2039: "BaseResource": Ist kein Element von "Game::Tile"
  c:\users\phisn\source\repos\pixeljumper2\client\source\game\tiles\wall.h(10): note: Siehe Deklaration von "Game::Tile"
c:\users\phisn\source\repos\pixeljumper2\client\source\resource\tileresource.h(93): error C2065: "BaseResource": nichtdeklarierter Bezeichner
c:\users\phisn\source\repos\pixeljumper2\client\source\resource\tileresource.h(93): error C2065: "resource": nichtdeklarierter Bezeichner
c:\users\phisn\source\repos\pixeljumper2\client\source\resource\tileresource.h(95): error C2065: "resource": nichtdeklarierter Bezeichner
c:\users\phisn\source\repos\pixeljumper2\client\source\resource\tileresource.h(101): error C2065: "resource": nichtdeklarierter Bezeichner
c:\users\phisn\source\repos\pixeljumper2\client\source\resource\tileresource.h(103): error C2065: "buffer": nichtdeklarierter Bezeichner
c:\users\phisn\source\repos\pixeljumper2\client\source\resource\tileresource.h(105): error C2065: "resource": nichtdeklarierter Bezeichner
c:\users\phisn\source\repos\pixeljumper2\client\source\resource\tileresource.h(106): error C2065: "resource": nichtdeklarierter Bezeichner
c:\users\phisn\source\repos\pixeljumper2\client\source\resource\tileresource.h(106): error C2065: "buffer": nichtdeklarierter Bezeichner
c:\users\phisn\source\repos\pixeljumper2\client\source\resource\tileresource.h(112): error C2065: "buffer": nichtdeklarierter Bezeichner
c:\users\phisn\source\repos\pixeljumper2\client\source\resource\tileresource.h(117): error C2039: "BaseResource": Ist kein Element von "Game::Tile"
  c:\users\phisn\source\repos\pixeljumper2\client\source\game\tiles\wall.h(10): note: Siehe Deklaration von "Game::Tile"
c:\users\phisn\source\repos\pixeljumper2\client\source\resource\tileresource.h(117): error C2065: "BaseResource": nichtdeklarierter Bezeichner
c:\users\phisn\source\repos\pixeljumper2\client\source\resource\tileresource.h(117): error C2065: "resource": nichtdeklarierter Bezeichner
c:\users\phisn\source\repos\pixeljumper2\client\source\resource\tileresource.h(119): error C2065: "resource": nichtdeklarierter Bezeichner
c:\users\phisn\source\repos\pixeljumper2\client\source\resource\tileresource.h(124): error C2065: "resource": nichtdeklarierter Bezeichner
c:\users\phisn\source\repos\pixeljumper2\client\source\resource\tileresource.h(124): error C2065: "buffer": nichtdeklarierter Bezeichner
c:\users\phisn\source\repos\pixeljumper2\client\source\resource\tileresource.h(131): error C2065: "resource": nichtdeklarierter Bezeichner
c:\users\phisn\source\repos\pixeljumper2\client\source\resource\worldresource.h(193): error C2039: "ByteWriter": Ist kein Element von "Resource"
  c:\users\phisn\source\repos\pixeljumper2\client\source\resource\worldresource.h(13): note: Siehe Deklaration von "Resource"
c:\users\phisn\source\repos\pixeljumper2\client\source\resource\worldresource.h(193): error C2061: Syntaxfehler: Bezeichner "ByteWriter"
c:\users\phisn\source\repos\pixeljumper2\client\source\resource\worldresource.h(217): error C2061: Syntaxfehler: Bezeichner "ByteReader"
c:\users\phisn\source\repos\pixeljumper2\client\source\resource\worldresource.h(254): error C2061: Syntaxfehler: Bezeichner "ByteReader"
c:\users\phisn\source\repos\pixeljumper2\client\source\resource\worldresource.h(271): error C2061: Syntaxfehler: Bezeichner "ByteReader"
c:\users\phisn\source\repos\pixeljumper2\client\source\resource\worldresource.h(298): error C2061: Syntaxfehler: Bezeichner "ByteWriter"
c:\users\phisn\source\repos\pixeljumper2\client\source\resource\worldresource.h(309): error C2039: "ByteWriter": Ist kein Element von "Resource"
  c:\users\phisn\source\repos\pixeljumper2\client\source\resource\worldresource.h(13): note: Siehe Deklaration von "Resource"
c:\users\phisn\source\repos\pixeljumper2\client\source\resource\worldresource.h(309): error C2061: Syntaxfehler: Bezeichner "ByteWriter"
c:\users\phisn\source\repos\pixeljumper2\client\source\resource\worldresource.h(192): error C3668: "Resource::_N_World::writeToBuffer": Die Methode mit dem Überschreibungsspezifizierer "override" hat keine Basisklassenmethoden überschrieben.
c:\users\phisn\source\repos\pixeljumper2\client\source\resource\worldresource.h(216): error C3668: "Resource::_N_World::readFromBuffer": Die Methode mit dem Überschreibungsspezifizierer "override" hat keine Basisklassenmethoden überschrieben.
c:\users\phisn\source\repos\pixeljumper2\client\source\resource\worldresource.h(206): error C2065: "buffer": nichtdeklarierter Bezeichner
c:\users\phisn\source\repos\pixeljumper2\client\source\resource\worldresource.h(208): error C2065: "buffer": nichtdeklarierter Bezeichner
c:\users\phisn\source\repos\pixeljumper2\client\source\resource\worldresource.h(219): error C2065: "buffer": nichtdeklarierter Bezeichner
c:\users\phisn\source\repos\pixeljumper2\client\source\resource\worldresource.h(229): error C2065: "buffer": nichtdeklarierter Bezeichner
c:\users\phisn\source\repos\pixeljumper2\client\source\resource\worldresource.h(256): error C2065: "buffer": nichtdeklarierter Bezeichner
c:\users\phisn\source\repos\pixeljumper2\client\source\resource\worldresource.h(261): error C2065: "buffer": nichtdeklarierter Bezeichner
c:\users\phisn\source\repos\pixeljumper2\client\source\resource\worldresource.h(262): error C2065: "buffer": nichtdeklarierter Bezeichner
c:\users\phisn\source\repos\pixeljumper2\client\source\resource\worldresource.h(267): error C2065: "buffer": nichtdeklarierter Bezeichner
c:\users\phisn\source\repos\pixeljumper2\client\source\resource\worldresource.h(278): error C2065: "buffer": nichtdeklarierter Bezeichner
c:\users\phisn\source\repos\pixeljumper2\client\source\resource\worldresource.h(300): error C2065: "buffer": nichtdeklarierter Bezeichner
c:\users\phisn\source\repos\pixeljumper2\client\source\resource\worldresource.h(302): error C2065: "buffer": nichtdeklarierter Bezeichner
c:\users\phisn\source\repos\pixeljumper2\client\source\resource\worldresource.h(303): error C2065: "buffer": nichtdeklarierter Bezeichner
c:\users\phisn\source\repos\pixeljumper2\client\source\resource\worldresource.h(305): error C2065: "buffer": nichtdeklarierter Bezeichner
c:\users\phisn\source\repos\pixeljumper2\client\source\resource\worldresource.h(313): error C2065: "buffer": nichtdeklarierter Bezeichner
