C:\Program Files (x86)\Microsoft Visual Studio\2017\Community\Common7\IDE\VC\VCTargets\Microsoft.CppBuild.targets(944,5): warning MSB8027: Mehrere Dateien mit dem Namen World.cpp führen zu Ausgaben am selben Speicherort. Dadurch kann ein falsches Buildergebnis entstehen. Die betroffenen Dateien sind source\editor\World.cpp, source\game\World.cpp.
C:\Program Files (x86)\Microsoft Visual Studio\2017\Community\Common7\IDE\VC\VCTargets\Microsoft.CppBuild.targets(944,5): warning MSB8027: Mehrere Dateien mit dem Namen TileBase.cpp führen zu Ausgaben am selben Speicherort. Dadurch kann ein falsches Buildergebnis entstehen. Die betroffenen Dateien sind source\editor\tile\TileBase.cpp, source\game\tiles\TileBase.cpp.
C:\Program Files (x86)\Microsoft Visual Studio\2017\Community\Common7\IDE\VC\VCTargets\Microsoft.CppBuild.targets(944,5): warning MSB8027: Mehrere Dateien mit dem Namen Wall.cpp führen zu Ausgaben am selben Speicherort. Dadurch kann ein falsches Buildergebnis entstehen. Die betroffenen Dateien sind source\editor\tile\Wall.cpp, source\game\tiles\Wall.cpp, source\resource\tiles\Wall.cpp.
  DeviceInterface.cpp
c:\users\phisn\source\repos\pixeljumper2\client\source\device\deviceinterface.cpp(1): fatal error C1083: Datei (Include) kann nicht geöffnet werden: "Client/source/device/ScreenDevice.h": No such file or directory
  InputDevice.cpp
c:\users\phisn\source\repos\pixeljumper2\client\source\device\inputdevice.h(3): fatal error C1083: Datei (Include) kann nicht geöffnet werden: "SFML/Graphics.hpp": No such file or directory
  RandomDevice.cpp
  ResourceDevice.cpp
c:\users\phisn\source\repos\pixeljumper2\client\source\device\resourcedevice.h(3): fatal error C1083: Datei (Include) kann nicht geöffnet werden: "Client/source/resource/StaticResource.h": No such file or directory
  ScreenDevice.cpp
c:\users\phisn\source\repos\pixeljumper2\client\source\device\screendevice.h(3): fatal error C1083: Datei (Include) kann nicht geöffnet werden: "SFML/Graphics.hpp": No such file or directory
  GridMenu.cpp
c:\users\phisn\source\repos\pixeljumper2\client\source\editor\grid\gridmenu.h(3): fatal error C1083: Datei (Include) kann nicht geöffnet werden: "Client/source/editor/grid/GridView.h": No such file or directory
  GridView.cpp
c:\users\phisn\source\repos\pixeljumper2\client\source\editor\grid\gridview.h(3): fatal error C1083: Datei (Include) kann nicht geöffnet werden: "Client/source/device/DeviceInterface.h": No such file or directory
  SelectorComponent.cpp
c:\users\phisn\source\repos\pixeljumper2\client\source\editor\grid\selectorcomponent.h(3): fatal error C1083: Datei (Include) kann nicht geöffnet werden: "Client/source/device/DeviceInterface.h": No such file or directory
  Selector.cpp
c:\users\phisn\source\repos\pixeljumper2\client\source\editor\grid\selector.h(3): fatal error C1083: Datei (Include) kann nicht geöffnet werden: "Client/source/editor/grid/GridView.h": No such file or directory
  SelectorElement.cpp
c:\users\phisn\source\repos\pixeljumper2\client\source\editor\grid\selectorelement.h(3): fatal error C1083: Datei (Include) kann nicht geöffnet werden: "Client/source/editor/grid/GridView.h": No such file or directory
  Cache.cpp
  CacheManager.cpp
c:\users\phisn\source\repos\pixeljumper2\client\source\editor\manipulator\cache\cachemanager.h(3): fatal error C1083: Datei (Include) kann nicht geöffnet werden: "Client/source/editor/manipulator/cache/Cache.h": No such file or directory
  Component.cpp
c:\users\phisn\source\repos\pixeljumper2\client\source\editor\manipulator\component.h(3): fatal error C1083: Datei (Include) kann nicht geöffnet werden: "Client/source/editor/manipulator/cache/Cache.h": No such file or directory
  Element.cpp
c:\users\phisn\source\repos\pixeljumper2\client\source\editor\manipulator\element.h(3): fatal error C1083: Datei (Include) kann nicht geöffnet werden: "Client/source/editor/manipulator/cache/Cache.h": No such file or directory
  Executor.cpp
c:\users\phisn\source\repos\pixeljumper2\client\source\editor\manipulator\executor.h(3): fatal error C1083: Datei (Include) kann nicht geöffnet werden: "Client/source/editor/manipulator/cache/Cache.h": No such file or directory
  Manipulator.cpp
c:\users\phisn\source\repos\pixeljumper2\client\source\editor\manipulator\manipulator.h(3): fatal error C1083: Datei (Include) kann nicht geöffnet werden: "Client/source/editor/manipulator/Component.h": No such file or directory
  TilePlace.cpp
c:\users\phisn\source\repos\pixeljumper2\client\source\editor\manipulator\tasks\tileplace.h(3): fatal error C1083: Datei (Include) kann nicht geöffnet werden: "Client/source/editor/grid/GridProperties.h": No such file or directory
  TileTemplate.cpp
c:\users\phisn\source\repos\pixeljumper2\client\source\editor\template\tiletemplate.h(3): fatal error C1083: Datei (Include) kann nicht geöffnet werden: "Client/source/Common.h": No such file or directory
  WallTemplate.cpp
c:\users\phisn\source\repos\pixeljumper2\client\source\editor\template\walltemplate.h(3): fatal error C1083: Datei (Include) kann nicht geöffnet werden: "Client/source/game/tiles/TileColor.h": No such file or directory
  TileComponent.cpp
c:\users\phisn\source\repos\pixeljumper2\client\source\editor\tilemenu\tilecomponent.h(3): fatal error C1083: Datei (Include) kann nicht geöffnet werden: "Client/source/editor/manipulator/Component.h": No such file or directory
  Code wird generiert...
  Kompilieren...
  TileContainer.cpp
c:\users\phisn\source\repos\pixeljumper2\client\source\editor\tilemenu\tilecontainer.h(3): fatal error C1083: Datei (Include) kann nicht geöffnet werden: "Client/source/editor/tilemenu/TileMenuButton.h": No such file or directory
  TileMenu.cpp
c:\users\phisn\source\repos\pixeljumper2\client\source\editor\tilemenu\tilemenu.h(3): fatal error C1083: Datei (Include) kann nicht geöffnet werden: "Client/source/menu/RootBase.h": No such file or directory
  TileMenuButton.cpp
c:\users\phisn\source\repos\pixeljumper2\client\source\editor\tilemenu\tilemenubutton.h(3): fatal error C1083: Datei (Include) kann nicht geöffnet werden: "Client/source/menu/element/ButtonBase.h": No such file or directory
  World.cpp
c:\users\phisn\source\repos\pixeljumper2\client\source\editor\world.h(3): fatal error C1083: Datei (Include) kann nicht geöffnet werden: "Client/source/device/DeviceInterface.h": No such file or directory
  TileBase.cpp
c:\users\phisn\source\repos\pixeljumper2\client\source\editor\tile\tilebase.h(3): fatal error C1083: Datei (Include) kann nicht geöffnet werden: "SFML/Graphics.hpp": No such file or directory
  Wall.cpp
c:\users\phisn\source\repos\pixeljumper2\client\source\editor\tile\wall.h(3): fatal error C1083: Datei (Include) kann nicht geöffnet werden: "Client/source/editor/tile/TileBase.h": No such file or directory
  Animation.cpp
c:\users\phisn\source\repos\pixeljumper2\client\source\framework\animation.h(3): fatal error C1083: Datei (Include) kann nicht geöffnet werden: "Client/source/device/DeviceInterface.h": No such file or directory
  AsyncAnimation.cpp
c:\users\phisn\source\repos\pixeljumper2\client\source\framework\asyncanimation.h(3): fatal error C1083: Datei (Include) kann nicht geöffnet werden: "Client/source/framework/Animation.h": No such file or directory
  Context.cpp
c:\users\phisn\source\repos\pixeljumper2\client\source\framework\context.h(3): fatal error C1083: Datei (Include) kann nicht geöffnet werden: "Client/source/framework/Animation.h": No such file or directory
  FrameworkInterface.cpp
c:\users\phisn\source\repos\pixeljumper2\client\source\framework\frameworkinterface.h(3): fatal error C1083: Datei (Include) kann nicht geöffnet werden: "Client/source/resource/StaticResource.h": No such file or directory
  ResourceContext.cpp
c:\users\phisn\source\repos\pixeljumper2\client\source\framework\resourcecontext.h(3): fatal error C1083: Datei (Include) kann nicht geöffnet werden: "Client/source/device/DeviceInterface.h": No such file or directory
  GameView.cpp
c:\users\phisn\source\repos\pixeljumper2\client\source\game\gameview.h(3): fatal error C1083: Datei (Include) kann nicht geöffnet werden: "Client/source/device/DeviceInterface.h": No such file or directory
  LocalPlayer.cpp
c:\users\phisn\source\repos\pixeljumper2\client\source\game\localplayer.h(3): fatal error C1083: Datei (Include) kann nicht geöffnet werden: "Client/source/game/GameView.h": No such file or directory
  Movement.cpp
c:\users\phisn\source\repos\pixeljumper2\client\source\game\movement.h(3): fatal error C1083: Datei (Include) kann nicht geöffnet werden: "SFML/Graphics.hpp": No such file or directory
  PlayerBase.cpp
c:\users\phisn\source\repos\pixeljumper2\client\source\game\playerbase.h(3): fatal error C1083: Datei (Include) kann nicht geöffnet werden: "Client/source/device/DeviceInterface.h": No such file or directory
  CollidableTile.cpp
c:\users\phisn\source\repos\pixeljumper2\client\source\game\tiles\collidabletile.h(3): fatal error C1083: Datei (Include) kann nicht geöffnet werden: "Client/source/game/tiles/TileBase.h": No such file or directory
  TileBase.cpp
c:\users\phisn\source\repos\pixeljumper2\client\source\game\tiles\tilebase.h(3): fatal error C1083: Datei (Include) kann nicht geöffnet werden: "Client/source/device/DeviceInterface.h": No such file or directory
  TimedTile.cpp
c:\users\phisn\source\repos\pixeljumper2\client\source\game\tiles\timedtile.h(3): fatal error C1083: Datei (Include) kann nicht geöffnet werden: "SFML/System/Time.hpp": No such file or directory
  TouchableTile.cpp
c:\users\phisn\source\repos\pixeljumper2\client\source\game\tiles\touchabletile.h(3): fatal error C1083: Datei (Include) kann nicht geöffnet werden: "Client/source/game/tiles/CollidableTile.h": No such file or directory
  Wall.cpp
c:\users\phisn\source\repos\pixeljumper2\client\source\game\tiles\wall.h(3): fatal error C1083: Datei (Include) kann nicht geöffnet werden: "Client/source/game/tiles/CollidableTile.h": No such file or directory
  Code wird generiert...
  Kompilieren...
  World.cpp
c:\users\phisn\source\repos\pixeljumper2\client\source\game\world.h(3): fatal error C1083: Datei (Include) kann nicht geöffnet werden: "Client/source/game/LocalPlayer.h": No such file or directory
  SectionHost.cpp
c:\users\phisn\source\repos\pixeljumper2\client\source\logger\sectionhost.h(3): fatal error C1083: Datei (Include) kann nicht geöffnet werden: "Client/source/logger/Level.h": No such file or directory
  Output.cpp
c:\users\phisn\source\repos\pixeljumper2\client\source\logger\output.h(3): fatal error C1083: Datei (Include) kann nicht geöffnet werden: "Client/source/logger/Level.h": No such file or directory
  Section.cpp
c:\users\phisn\source\repos\pixeljumper2\client\source\logger\section.h(3): fatal error C1083: Datei (Include) kann nicht geöffnet werden: "Client/source/logger/Level.h": No such file or directory
  Logger.cpp
c:\users\phisn\source\repos\pixeljumper2\client\source\logger\logger.h(3): fatal error C1083: Datei (Include) kann nicht geöffnet werden: "Client/source/logger/Names.h": No such file or directory
  ContainerBase.cpp
c:\users\phisn\source\repos\pixeljumper2\client\source\menu\container\containerbase.h(3): fatal error C1083: Datei (Include) kann nicht geöffnet werden: "Client/source/menu/element/ElementBase.h": No such file or directory
  RowContainerBase.cpp
c:\users\phisn\source\repos\pixeljumper2\client\source\menu\container\rowcontainerbase.h(3): fatal error C1083: Datei (Include) kann nicht geöffnet werden: "Client/source/menu/Common.h": No such file or directory
  ScrollContainer.cpp
c:\users\phisn\source\repos\pixeljumper2\client\source\menu\container\scrollcontainer.h(3): fatal error C1083: Datei (Include) kann nicht geöffnet werden: "Client/source/menu/Common.h": No such file or directory
  ButtonBase.cpp
c:\users\phisn\source\repos\pixeljumper2\client\source\menu\element\buttonbase.h(3): fatal error C1083: Datei (Include) kann nicht geöffnet werden: "Client/source/menu/element/ElementBase.h": No such file or directory
  ScrollBarBase.cpp
c:\users\phisn\source\repos\pixeljumper2\client\source\menu\element\scrollbarbase.h(3): fatal error C1083: Datei (Include) kann nicht geöffnet werden: "Client/source/menu/Common.h": No such file or directory
  FilePipe.cpp
c:\users\phisn\source\repos\pixeljumper2\client\source\resource\pipes\filepipe.h(3): fatal error C1083: Datei (Include) kann nicht geöffnet werden: "Client/source/resource/pipes/PipeBase.h": No such file or directory
  MemoryPipe.cpp
  PipeBase.cpp
c:\users\phisn\source\repos\pixeljumper2\client\source\resource\pipes\pipebase.h(3): fatal error C1083: Datei (Include) kann nicht geöffnet werden: "SFML/Main.hpp": No such file or directory
  ResourceBase.cpp
c:\users\phisn\source\repos\pixeljumper2\client\source\resource\resourcebase.h(3): fatal error C1083: Datei (Include) kann nicht geöffnet werden: "Client/source/resource/Common.h": No such file or directory
  ResourceInterface.cpp
c:\users\phisn\source\repos\pixeljumper2\client\source\resource\resourceinterface.h(3): fatal error C1083: Datei (Include) kann nicht geöffnet werden: "Client/source/logger/Logger.h": No such file or directory
  StaticResource.cpp
c:\users\phisn\source\repos\pixeljumper2\client\source\resource\staticresource.h(3): fatal error C1083: Datei (Include) kann nicht geöffnet werden: "SFML/Main.hpp": No such file or directory
  TileFactory.cpp
c:\users\phisn\source\repos\pixeljumper2\client\source\resource\tilefactory.h(3): fatal error C1083: Datei (Include) kann nicht geöffnet werden: "Client/source/game/tiles/TileId.h": No such file or directory
  TileResource.cpp
c:\users\phisn\source\repos\pixeljumper2\client\source\resource\tileresource.h(3): fatal error C1083: Datei (Include) kann nicht geöffnet werden: "Client/source/game/tiles/TileManager.h": No such file or directory
  Wall.cpp
c:\users\phisn\source\repos\pixeljumper2\client\source\resource\tiles\wall.h(3): fatal error C1083: Datei (Include) kann nicht geöffnet werden: "Client/source/resource/tiles/TileBase.h": No such file or directory
  WorldResource.cpp
c:\users\phisn\source\repos\pixeljumper2\client\source\resource\worldresource.h(3): fatal error C1083: Datei (Include) kann nicht geöffnet werden: "Client/source/resource/TileResource.h": No such file or directory
  Code wird generiert...
  Kompilieren...
  EditorScene.cpp
c:\users\phisn\source\repos\pixeljumper2\client\source\scene\editorscene.h(3): fatal error C1083: Datei (Include) kann nicht geöffnet werden: "Client/source/device/DeviceInterface.h": No such file or directory
  GameBaseScene.cpp
c:\users\phisn\source\repos\pixeljumper2\client\source\scene\gamebasescene.h(3): fatal error C1083: Datei (Include) kann nicht geöffnet werden: "Client/source/device/DeviceInterface.h": No such file or directory
  LocalGameScene.cpp
c:\users\phisn\source\repos\pixeljumper2\client\source\scene\localgamescene.h(3): fatal error C1083: Datei (Include) kann nicht geöffnet werden: "Client/source/device/InputDevice.h": No such file or directory
  MenuBaseScene.cpp
c:\users\phisn\source\repos\pixeljumper2\client\source\scene\menubasescene.h(3): fatal error C1083: Datei (Include) kann nicht geöffnet werden: "Client/source/menu/RootBase.h": No such file or directory
  SubSceneBase.cpp
c:\users\phisn\source\repos\pixeljumper2\client\source\scene\subscenebase.h(3): fatal error C1083: Datei (Include) kann nicht geöffnet werden: "SFML/System/Time.hpp": No such file or directory
  winMain.cpp
c:\users\phisn\source\repos\pixeljumper2\client\winmain.cpp(1): fatal error C1083: Datei (Include) kann nicht geöffnet werden: "Client/source/device/DeviceInterface.h": No such file or directory
  Code wird generiert...
